{
  "stats": {
    "suites": 1,
    "tests": 1,
    "passes": 1,
    "pending": 0,
    "failures": 0,
    "start": "2026-06-25T17:22:26.215Z",
    "end": "2026-06-25T17:22:28.730Z",
    "duration": 2515,
    "testsRegistered": 1,
    "passPercent": 100,
    "pendingPercent": 0,
    "other": 0,
    "hasOther": false,
    "skipped": 0,
    "hasSkipped": false
  },
  "results": [
    {
      "uuid": "119d3a79-9740-41ef-bd84-ea75a13463b3",
      "title": "",
      "fullFile": "cypress\\e2e\\booking\\auth.cy.js",
      "file": "cypress\\e2e\\booking\\auth.cy.js",
      "beforeHooks": [],
      "afterHooks": [],
      "tests": [],
      "suites": [
        {
          "uuid": "e341d6e1-612e-4c52-9f42-58716977f464",
          "title": "Auth",
          "fullFile": "",
          "file": "",
          "beforeHooks": [],
          "afterHooks": [],
          "tests": [
            {
              "title": "Generate Token",
              "fullTitle": "Auth Generate Token",
              "timedOut": null,
              "duration": 2253,
              "state": "passed",
              "speed": "fast",
              "pass": true,
              "fail": false,
              "pending": false,
              "context": null,
              "code": "cy.generateToken().then(response => {\n  expect(response.status).to.eq(200);\n  expect(response.body.token).to.exist;\n});",
              "err": {},
              "uuid": "cd751e8c-3055-4122-8688-6e8bdbc2ea1d",
              "parentUUID": "e341d6e1-612e-4c52-9f42-58716977f464",
              "isHook": false,
              "skipped": false
            }
          ],
          "suites": [],
          "passes": [
            "cd751e8c-3055-4122-8688-6e8bdbc2ea1d"
          ],
          "failures": [],
          "pending": [],
          "skipped": [],
          "duration": 2253,
          "root": false,
          "rootEmpty": false,
          "_timeout": 2000
        }
      ],
      "passes": [],
      "failures": [],
      "pending": [],
      "skipped": [],
      "duration": 0,
      "root": true,
      "rootEmpty": true,
      "_timeout": 2000
    }
  ],
  "meta": {
    "mocha": {
      "version": "7.2.0"
    },
    "mochawesome": {
      "options": {
        "quiet": false,
        "reportFilename": "mochawesome",
        "saveHtml": false,
        "saveJson": true,
        "consoleReporter": "spec",
        "useInlineDiffs": false,
        "code": true
      },
      "version": "7.1.4"
    },
    "marge": {
      "options": {
        "reportDir": "cypress/reports",
        "overwrite": false,
        "html": false,
        "json": true
      },
      "version": "6.3.2"
    }
  }
}