{
  "stats": {
    "suites": 1,
    "tests": 4,
    "passes": 0,
    "pending": 0,
    "failures": 4,
    "start": "2026-06-25T17:16:48.794Z",
    "end": "2026-06-25T17:16:55.785Z",
    "duration": 6991,
    "testsRegistered": 4,
    "passPercent": 0,
    "pendingPercent": 0,
    "other": 0,
    "hasOther": false,
    "skipped": 0,
    "hasSkipped": false
  },
  "results": [
    {
      "uuid": "33e1c572-1b0e-48f9-93af-eccea4a68d13",
      "title": "",
      "fullFile": "cypress\\e2e\\booking\\bookingCRUD.cy.js",
      "file": "cypress\\e2e\\booking\\bookingCRUD.cy.js",
      "beforeHooks": [],
      "afterHooks": [],
      "tests": [],
      "suites": [
        {
          "uuid": "5cfe27c6-c608-4549-b468-c2174a2f0363",
          "title": "Booking CRUD",
          "fullFile": "",
          "file": "",
          "beforeHooks": [],
          "afterHooks": [],
          "tests": [
            {
              "title": "Create Booking",
              "fullTitle": "Booking CRUD Create Booking",
              "timedOut": null,
              "duration": 2177,
              "state": "failed",
              "speed": null,
              "pass": false,
              "fail": true,
              "pending": false,
              "context": null,
              "code": "cy.fixture(\"bookingData\").then(bookingData => {\n  cy.request({\n    method: \"POST\",\n    url: \"/booking\",\n    body: bookingData\n  }).then(response => {\n    expect(response.status).to.eq(200);\n    bookingId = response.body.bookingid;\n  });\n});",
              "err": {
                "message": "CypressError: `cy.request()` failed on:\n\nhttps://restful-booker.herokuapp.com/booking\n\nThe response we received from your web server was:\n\n  > 500: Internal Server Error\n\nThis was considered a failure because the status code was not `2xx` or `3xx`.\n\nIf you do not want status codes to cause failures pass the option: `failOnStatusCode: false`\n\n-----------------------------------------------------------\n\nThe request we sent was:\n\nMethod: POST\nURL: https://restful-booker.herokuapp.com/booking\nHeaders: {\n  \"Connection\": \"keep-alive\",\n  \"user-agent\": \"Mozilla/5.0 (Windows NT 10.0; Win64; x64) AppleWebKit/537.36 (KHTML, like Gecko) Cypress/15.17.0 Chrome/138.0.7204.251 Electron/37.6.0 Safari/537.36\",\n  \"accept\": \"*/*\",\n  \"accept-encoding\": \"gzip, deflate\",\n  \"content-type\": \"application/json\",\n  \"content-length\": 169\n}\nBody: {\"firstname\":\"John\",\"lastname\":\"Doe\",\"totalpricce\":500,\"depositpaid\":true,\"bookingdates\":{\"checkin\":\"2025-08-09\",\"checkout\":\"20225-09-01\"},\"additionalneeds\":\"brealfast\"}\n\n-----------------------------------------------------------\n\nThe response we got was:\n\nStatus: 500 - Internal Server Error\nHeaders: {\n  \"content-length\": \"21\",\n  \"content-type\": \"text/plain; charset=utf-8\",\n  \"date\": \"Thu, 25 Jun 2026 17:16:53 GMT\",\n  \"etag\": \"W/\\\"15-/6VXivhc2MKdLfIkLcUE47K6aH0\\\"\",\n  \"nel\": \"{\\\"report_to\\\":\\\"heroku-nel\\\",\\\"response_headers\\\":[\\\"Via\\\"],\\\"max_age\\\":3600,\\\"success_fraction\\\":0.01,\\\"failure_fraction\\\":0.1}\",\n  \"report-to\": \"{\\\"group\\\":\\\"heroku-nel\\\",\\\"endpoints\\\":[{\\\"url\\\":\\\"https://nel.heroku.com/reports?s=43%2BRVJK722a7pto6jYkyaGeMy1Gs4JgKujerHhOHEAs%3D\\\\u0026sid=c46efe9b-d3d2-4a0c-8c76-bfafa16c5add\\\\u0026ts=1782407813\\\"}],\\\"max_age\\\":3600}\",\n  \"reporting-endpoints\": \"heroku-nel=\\\"https://nel.heroku.com/reports?s=43%2BRVJK722a7pto6jYkyaGeMy1Gs4JgKujerHhOHEAs%3D&sid=c46efe9b-d3d2-4a0c-8c76-bfafa16c5add&ts=1782407813\\\"\",\n  \"server\": \"Heroku\",\n  \"via\": \"1.1 heroku-router\",\n  \"x-powered-by\": \"Express\"\n}\nBody: Internal Server Error\n\n\nhttps://on.cypress.io/request",
                "estack": "CypressError: `cy.request()` failed on:\n\nhttps://restful-booker.herokuapp.com/booking\n\nThe response we received from your web server was:\n\n  > 500: Internal Server Error\n\nThis was considered a failure because the status code was not `2xx` or `3xx`.\n\nIf you do not want status codes to cause failures pass the option: `failOnStatusCode: false`\n\n-----------------------------------------------------------\n\nThe request we sent was:\n\nMethod: POST\nURL: https://restful-booker.herokuapp.com/booking\nHeaders: {\n  \"Connection\": \"keep-alive\",\n  \"user-agent\": \"Mozilla/5.0 (Windows NT 10.0; Win64; x64) AppleWebKit/537.36 (KHTML, like Gecko) Cypress/15.17.0 Chrome/138.0.7204.251 Electron/37.6.0 Safari/537.36\",\n  \"accept\": \"*/*\",\n  \"accept-encoding\": \"gzip, deflate\",\n  \"content-type\": \"application/json\",\n  \"content-length\": 169\n}\nBody: {\"firstname\":\"John\",\"lastname\":\"Doe\",\"totalpricce\":500,\"depositpaid\":true,\"bookingdates\":{\"checkin\":\"2025-08-09\",\"checkout\":\"20225-09-01\"},\"additionalneeds\":\"brealfast\"}\n\n-----------------------------------------------------------\n\nThe response we got was:\n\nStatus: 500 - Internal Server Error\nHeaders: {\n  \"content-length\": \"21\",\n  \"content-type\": \"text/plain; charset=utf-8\",\n  \"date\": \"Thu, 25 Jun 2026 17:16:53 GMT\",\n  \"etag\": \"W/\\\"15-/6VXivhc2MKdLfIkLcUE47K6aH0\\\"\",\n  \"nel\": \"{\\\"report_to\\\":\\\"heroku-nel\\\",\\\"response_headers\\\":[\\\"Via\\\"],\\\"max_age\\\":3600,\\\"success_fraction\\\":0.01,\\\"failure_fraction\\\":0.1}\",\n  \"report-to\": \"{\\\"group\\\":\\\"heroku-nel\\\",\\\"endpoints\\\":[{\\\"url\\\":\\\"https://nel.heroku.com/reports?s=43%2BRVJK722a7pto6jYkyaGeMy1Gs4JgKujerHhOHEAs%3D\\\\u0026sid=c46efe9b-d3d2-4a0c-8c76-bfafa16c5add\\\\u0026ts=1782407813\\\"}],\\\"max_age\\\":3600}\",\n  \"reporting-endpoints\": \"heroku-nel=\\\"https://nel.heroku.com/reports?s=43%2BRVJK722a7pto6jYkyaGeMy1Gs4JgKujerHhOHEAs%3D&sid=c46efe9b-d3d2-4a0c-8c76-bfafa16c5add&ts=1782407813\\\"\",\n  \"server\": \"Heroku\",\n  \"via\": \"1.1 heroku-router\",\n  \"x-powered-by\": \"Express\"\n}\nBody: Internal Server Error\n\n\nhttps://on.cypress.io/request\n    at <unknown> (https://restful-booker.herokuapp.com/__cypress/runner/cypress_runner.js:136705:72)\n    at tryCatcher (https://restful-booker.herokuapp.com/__cypress/runner/cypress_runner.js:1777:23)\n    at Promise._settlePromiseFromHandler (https://restful-booker.herokuapp.com/__cypress/runner/cypress_runner.js:1489:31)\n    at Promise._settlePromise (https://restful-booker.herokuapp.com/__cypress/runner/cypress_runner.js:1546:18)\n    at Promise._settlePromise0 (https://restful-booker.herokuapp.com/__cypress/runner/cypress_runner.js:1591:10)\n    at Promise._settlePromises (https://restful-booker.herokuapp.com/__cypress/runner/cypress_runner.js:1671:18)\n    at _drainQueueStep (https://restful-booker.herokuapp.com/__cypress/runner/cypress_runner.js:2377:12)\n    at _drainQueue (https://restful-booker.herokuapp.com/__cypress/runner/cypress_runner.js:2370:9)\n    at Async._drainQueues (https://restful-booker.herokuapp.com/__cypress/runner/cypress_runner.js:2386:5)\n    at Async.drainQueues (https://restful-booker.herokuapp.com/__cypress/runner/cypress_runner.js:2256:14)\nFrom Your Spec Code:\n    at Context.eval (webpack://restful-booker-api/./cypress/e2e/booking/bookingCRUD.cy.js:12:9)\n    at getRet (https://restful-booker.herokuapp.com/__cypress/runner/cypress_runner.js:123004:20)\n    at tryCatcher (https://restful-booker.herokuapp.com/__cypress/runner/cypress_runner.js:1777:23)\n    at Promise.attempt.Promise.try (https://restful-booker.herokuapp.com/__cypress/runner/cypress_runner.js:4285:29)\n    at Context.thenFn (https://restful-booker.herokuapp.com/__cypress/runner/cypress_runner.js:123015:66)\n    at Context.then (https://restful-booker.herokuapp.com/__cypress/runner/cypress_runner.js:123266:21)\n    at wrapped (https://restful-booker.herokuapp.com/__cypress/runner/cypress_runner.js:146625:19)",
                "diff": null
              },
              "uuid": "8ecab885-0ea8-4450-b247-b14d6cb73164",
              "parentUUID": "5cfe27c6-c608-4549-b468-c2174a2f0363",
              "isHook": false,
              "skipped": false
            },
            {
              "title": "Get Booking",
              "fullTitle": "Booking CRUD Get Booking",
              "timedOut": null,
              "duration": 1469,
              "state": "failed",
              "speed": null,
              "pass": false,
              "fail": true,
              "pending": false,
              "context": null,
              "code": "cy.request(\"GET\", `/booking/${bookingId}`).then(response => {\n  expect(response.status).to.eq(200);\n});",
              "err": {
                "message": "CypressError: `cy.request()` failed on:\n\nhttps://restful-booker.herokuapp.com/booking/undefined\n\nThe response we received from your web server was:\n\n  > 404: Not Found\n\nThis was considered a failure because the status code was not `2xx` or `3xx`.\n\nIf you do not want status codes to cause failures pass the option: `failOnStatusCode: false`\n\n-----------------------------------------------------------\n\nThe request we sent was:\n\nMethod: GET\nURL: https://restful-booker.herokuapp.com/booking/undefined\nHeaders: {\n  \"Connection\": \"keep-alive\",\n  \"user-agent\": \"Mozilla/5.0 (Windows NT 10.0; Win64; x64) AppleWebKit/537.36 (KHTML, like Gecko) Cypress/15.17.0 Chrome/138.0.7204.251 Electron/37.6.0 Safari/537.36\",\n  \"accept\": \"*/*\",\n  \"accept-encoding\": \"gzip, deflate\"\n}\n\n-----------------------------------------------------------\n\nThe response we got was:\n\nStatus: 404 - Not Found\nHeaders: {\n  \"content-length\": \"9\",\n  \"content-type\": \"text/plain; charset=utf-8\",\n  \"date\": \"Thu, 25 Jun 2026 17:16:55 GMT\",\n  \"etag\": \"W/\\\"9-0gXL1ngzMqISxa6S1zx3F4wtLyg\\\"\",\n  \"nel\": \"{\\\"report_to\\\":\\\"heroku-nel\\\",\\\"response_headers\\\":[\\\"Via\\\"],\\\"max_age\\\":3600,\\\"success_fraction\\\":0.01,\\\"failure_fraction\\\":0.1}\",\n  \"report-to\": \"{\\\"group\\\":\\\"heroku-nel\\\",\\\"endpoints\\\":[{\\\"url\\\":\\\"https://nel.heroku.com/reports?s=cnYWmVeuraUL8Uc0RdbAbDFRj1EnE%2FWFHXc44lbyXKI%3D\\\\u0026sid=c46efe9b-d3d2-4a0c-8c76-bfafa16c5add\\\\u0026ts=1782407815\\\"}],\\\"max_age\\\":3600}\",\n  \"reporting-endpoints\": \"heroku-nel=\\\"https://nel.heroku.com/reports?s=cnYWmVeuraUL8Uc0RdbAbDFRj1EnE%2FWFHXc44lbyXKI%3D&sid=c46efe9b-d3d2-4a0c-8c76-bfafa16c5add&ts=1782407815\\\"\",\n  \"server\": \"Heroku\",\n  \"via\": \"1.1 heroku-router\",\n  \"x-powered-by\": \"Express\"\n}\nBody: Not Found\n\n\nhttps://on.cypress.io/request",
                "estack": "CypressError: `cy.request()` failed on:\n\nhttps://restful-booker.herokuapp.com/booking/undefined\n\nThe response we received from your web server was:\n\n  > 404: Not Found\n\nThis was considered a failure because the status code was not `2xx` or `3xx`.\n\nIf you do not want status codes to cause failures pass the option: `failOnStatusCode: false`\n\n-----------------------------------------------------------\n\nThe request we sent was:\n\nMethod: GET\nURL: https://restful-booker.herokuapp.com/booking/undefined\nHeaders: {\n  \"Connection\": \"keep-alive\",\n  \"user-agent\": \"Mozilla/5.0 (Windows NT 10.0; Win64; x64) AppleWebKit/537.36 (KHTML, like Gecko) Cypress/15.17.0 Chrome/138.0.7204.251 Electron/37.6.0 Safari/537.36\",\n  \"accept\": \"*/*\",\n  \"accept-encoding\": \"gzip, deflate\"\n}\n\n-----------------------------------------------------------\n\nThe response we got was:\n\nStatus: 404 - Not Found\nHeaders: {\n  \"content-length\": \"9\",\n  \"content-type\": \"text/plain; charset=utf-8\",\n  \"date\": \"Thu, 25 Jun 2026 17:16:55 GMT\",\n  \"etag\": \"W/\\\"9-0gXL1ngzMqISxa6S1zx3F4wtLyg\\\"\",\n  \"nel\": \"{\\\"report_to\\\":\\\"heroku-nel\\\",\\\"response_headers\\\":[\\\"Via\\\"],\\\"max_age\\\":3600,\\\"success_fraction\\\":0.01,\\\"failure_fraction\\\":0.1}\",\n  \"report-to\": \"{\\\"group\\\":\\\"heroku-nel\\\",\\\"endpoints\\\":[{\\\"url\\\":\\\"https://nel.heroku.com/reports?s=cnYWmVeuraUL8Uc0RdbAbDFRj1EnE%2FWFHXc44lbyXKI%3D\\\\u0026sid=c46efe9b-d3d2-4a0c-8c76-bfafa16c5add\\\\u0026ts=1782407815\\\"}],\\\"max_age\\\":3600}\",\n  \"reporting-endpoints\": \"heroku-nel=\\\"https://nel.heroku.com/reports?s=cnYWmVeuraUL8Uc0RdbAbDFRj1EnE%2FWFHXc44lbyXKI%3D&sid=c46efe9b-d3d2-4a0c-8c76-bfafa16c5add&ts=1782407815\\\"\",\n  \"server\": \"Heroku\",\n  \"via\": \"1.1 heroku-router\",\n  \"x-powered-by\": \"Express\"\n}\nBody: Not Found\n\n\nhttps://on.cypress.io/request\n    at <unknown> (https://restful-booker.herokuapp.com/__cypress/runner/cypress_runner.js:136705:72)\n    at tryCatcher (https://restful-booker.herokuapp.com/__cypress/runner/cypress_runner.js:1777:23)\n    at Promise._settlePromiseFromHandler (https://restful-booker.herokuapp.com/__cypress/runner/cypress_runner.js:1489:31)\n    at Promise._settlePromise (https://restful-booker.herokuapp.com/__cypress/runner/cypress_runner.js:1546:18)\n    at Promise._settlePromise0 (https://restful-booker.herokuapp.com/__cypress/runner/cypress_runner.js:1591:10)\n    at Promise._settlePromises (https://restful-booker.herokuapp.com/__cypress/runner/cypress_runner.js:1671:18)\n    at _drainQueueStep (https://restful-booker.herokuapp.com/__cypress/runner/cypress_runner.js:2377:12)\n    at _drainQueue (https://restful-booker.herokuapp.com/__cypress/runner/cypress_runner.js:2370:9)\n    at Async._drainQueues (https://restful-booker.herokuapp.com/__cypress/runner/cypress_runner.js:2386:5)\n    at Async.drainQueues (https://restful-booker.herokuapp.com/__cypress/runner/cypress_runner.js:2256:14)\nFrom Your Spec Code:\n    at Context.eval (webpack://restful-booker-api/./cypress/e2e/booking/bookingCRUD.cy.js:23:7)",
                "diff": null
              },
              "uuid": "08302021-8322-4362-a922-c67e7e7881f3",
              "parentUUID": "5cfe27c6-c608-4549-b468-c2174a2f0363",
              "isHook": false,
              "skipped": false
            },
            {
              "title": "Update Booking",
              "fullTitle": "Booking CRUD Update Booking",
              "timedOut": null,
              "duration": 1103,
              "state": "failed",
              "speed": null,
              "pass": false,
              "fail": true,
              "pending": false,
              "context": null,
              "code": "cy.fixture(\"bookingData\").then(bookingData => {\n  bookingData.firstname = \"Updated\";\n  cy.request({\n    method: \"PUT\",\n    url: `/booking/${bookingId}`,\n    headers: {\n      Cookie: `token=${token}`\n    },\n    body: bookingData\n  }).then(response => {\n    expect(response.status).to.eq(200);\n  });\n});",
              "err": {
                "message": "CypressError: `cy.request()` failed on:\n\nhttps://restful-booker.herokuapp.com/booking/undefined\n\nThe response we received from your web server was:\n\n  > 400: Bad Request\n\nThis was considered a failure because the status code was not `2xx` or `3xx`.\n\nIf you do not want status codes to cause failures pass the option: `failOnStatusCode: false`\n\n-----------------------------------------------------------\n\nThe request we sent was:\n\nMethod: PUT\nURL: https://restful-booker.herokuapp.com/booking/undefined\nHeaders: {\n  \"Connection\": \"keep-alive\",\n  \"Cookie\": \"token=e4e8fef272468f0\",\n  \"user-agent\": \"Mozilla/5.0 (Windows NT 10.0; Win64; x64) AppleWebKit/537.36 (KHTML, like Gecko) Cypress/15.17.0 Chrome/138.0.7204.251 Electron/37.6.0 Safari/537.36\",\n  \"accept\": \"*/*\",\n  \"accept-encoding\": \"gzip, deflate\",\n  \"content-type\": \"application/json\",\n  \"content-length\": 172\n}\nBody: {\"firstname\":\"Updated\",\"lastname\":\"Doe\",\"totalpricce\":500,\"depositpaid\":true,\"bookingdates\":{\"checkin\":\"2025-08-09\",\"checkout\":\"20225-09-01\"},\"additionalneeds\":\"brealfast\"}\n\n-----------------------------------------------------------\n\nThe response we got was:\n\nStatus: 400 - Bad Request\nHeaders: {\n  \"content-length\": \"11\",\n  \"content-type\": \"text/plain; charset=utf-8\",\n  \"date\": \"Thu, 25 Jun 2026 17:16:57 GMT\",\n  \"etag\": \"W/\\\"b-EFiDB1U+dmqzx9Mo2UjcZ1SJPO8\\\"\",\n  \"nel\": \"{\\\"report_to\\\":\\\"heroku-nel\\\",\\\"response_headers\\\":[\\\"Via\\\"],\\\"max_age\\\":3600,\\\"success_fraction\\\":0.01,\\\"failure_fraction\\\":0.1}\",\n  \"report-to\": \"{\\\"group\\\":\\\"heroku-nel\\\",\\\"endpoints\\\":[{\\\"url\\\":\\\"https://nel.heroku.com/reports?s=aNU7%2B%2ByfPbx8hfkq3vBUsQYHHOXZJpK%2B6Ca1abEbkkg%3D\\\\u0026sid=c46efe9b-d3d2-4a0c-8c76-bfafa16c5add\\\\u0026ts=1782407817\\\"}],\\\"max_age\\\":3600}\",\n  \"reporting-endpoints\": \"heroku-nel=\\\"https://nel.heroku.com/reports?s=aNU7%2B%2ByfPbx8hfkq3vBUsQYHHOXZJpK%2B6Ca1abEbkkg%3D&sid=c46efe9b-d3d2-4a0c-8c76-bfafa16c5add&ts=1782407817\\\"\",\n  \"server\": \"Heroku\",\n  \"via\": \"1.1 heroku-router\",\n  \"x-powered-by\": \"Express\"\n}\nBody: Bad Request\n\n\nhttps://on.cypress.io/request",
                "estack": "CypressError: `cy.request()` failed on:\n\nhttps://restful-booker.herokuapp.com/booking/undefined\n\nThe response we received from your web server was:\n\n  > 400: Bad Request\n\nThis was considered a failure because the status code was not `2xx` or `3xx`.\n\nIf you do not want status codes to cause failures pass the option: `failOnStatusCode: false`\n\n-----------------------------------------------------------\n\nThe request we sent was:\n\nMethod: PUT\nURL: https://restful-booker.herokuapp.com/booking/undefined\nHeaders: {\n  \"Connection\": \"keep-alive\",\n  \"Cookie\": \"token=e4e8fef272468f0\",\n  \"user-agent\": \"Mozilla/5.0 (Windows NT 10.0; Win64; x64) AppleWebKit/537.36 (KHTML, like Gecko) Cypress/15.17.0 Chrome/138.0.7204.251 Electron/37.6.0 Safari/537.36\",\n  \"accept\": \"*/*\",\n  \"accept-encoding\": \"gzip, deflate\",\n  \"content-type\": \"application/json\",\n  \"content-length\": 172\n}\nBody: {\"firstname\":\"Updated\",\"lastname\":\"Doe\",\"totalpricce\":500,\"depositpaid\":true,\"bookingdates\":{\"checkin\":\"2025-08-09\",\"checkout\":\"20225-09-01\"},\"additionalneeds\":\"brealfast\"}\n\n-----------------------------------------------------------\n\nThe response we got was:\n\nStatus: 400 - Bad Request\nHeaders: {\n  \"content-length\": \"11\",\n  \"content-type\": \"text/plain; charset=utf-8\",\n  \"date\": \"Thu, 25 Jun 2026 17:16:57 GMT\",\n  \"etag\": \"W/\\\"b-EFiDB1U+dmqzx9Mo2UjcZ1SJPO8\\\"\",\n  \"nel\": \"{\\\"report_to\\\":\\\"heroku-nel\\\",\\\"response_headers\\\":[\\\"Via\\\"],\\\"max_age\\\":3600,\\\"success_fraction\\\":0.01,\\\"failure_fraction\\\":0.1}\",\n  \"report-to\": \"{\\\"group\\\":\\\"heroku-nel\\\",\\\"endpoints\\\":[{\\\"url\\\":\\\"https://nel.heroku.com/reports?s=aNU7%2B%2ByfPbx8hfkq3vBUsQYHHOXZJpK%2B6Ca1abEbkkg%3D\\\\u0026sid=c46efe9b-d3d2-4a0c-8c76-bfafa16c5add\\\\u0026ts=1782407817\\\"}],\\\"max_age\\\":3600}\",\n  \"reporting-endpoints\": \"heroku-nel=\\\"https://nel.heroku.com/reports?s=aNU7%2B%2ByfPbx8hfkq3vBUsQYHHOXZJpK%2B6Ca1abEbkkg%3D&sid=c46efe9b-d3d2-4a0c-8c76-bfafa16c5add&ts=1782407817\\\"\",\n  \"server\": \"Heroku\",\n  \"via\": \"1.1 heroku-router\",\n  \"x-powered-by\": \"Express\"\n}\nBody: Bad Request\n\n\nhttps://on.cypress.io/request\n    at <unknown> (https://restful-booker.herokuapp.com/__cypress/runner/cypress_runner.js:136705:72)\n    at tryCatcher (https://restful-booker.herokuapp.com/__cypress/runner/cypress_runner.js:1777:23)\n    at Promise._settlePromiseFromHandler (https://restful-booker.herokuapp.com/__cypress/runner/cypress_runner.js:1489:31)\n    at Promise._settlePromise (https://restful-booker.herokuapp.com/__cypress/runner/cypress_runner.js:1546:18)\n    at Promise._settlePromise0 (https://restful-booker.herokuapp.com/__cypress/runner/cypress_runner.js:1591:10)\n    at Promise._settlePromises (https://restful-booker.herokuapp.com/__cypress/runner/cypress_runner.js:1671:18)\n    at _drainQueueStep (https://restful-booker.herokuapp.com/__cypress/runner/cypress_runner.js:2377:12)\n    at _drainQueue (https://restful-booker.herokuapp.com/__cypress/runner/cypress_runner.js:2370:9)\n    at Async._drainQueues (https://restful-booker.herokuapp.com/__cypress/runner/cypress_runner.js:2386:5)\n    at Async.drainQueues (https://restful-booker.herokuapp.com/__cypress/runner/cypress_runner.js:2256:14)\nFrom Your Spec Code:\n    at Context.eval (webpack://restful-booker-api/./cypress/e2e/booking/bookingCRUD.cy.js:31:9)\n    at getRet (https://restful-booker.herokuapp.com/__cypress/runner/cypress_runner.js:123004:20)\n    at tryCatcher (https://restful-booker.herokuapp.com/__cypress/runner/cypress_runner.js:1777:23)\n    at Promise.attempt.Promise.try (https://restful-booker.herokuapp.com/__cypress/runner/cypress_runner.js:4285:29)\n    at Context.thenFn (https://restful-booker.herokuapp.com/__cypress/runner/cypress_runner.js:123015:66)\n    at Context.then (https://restful-booker.herokuapp.com/__cypress/runner/cypress_runner.js:123266:21)\n    at wrapped (https://restful-booker.herokuapp.com/__cypress/runner/cypress_runner.js:146625:19)",
                "diff": null
              },
              "uuid": "1087de3c-3e2f-47b2-b476-7f70584b04f7",
              "parentUUID": "5cfe27c6-c608-4549-b468-c2174a2f0363",
              "isHook": false,
              "skipped": false
            },
            {
              "title": "Delete Booking",
              "fullTitle": "Booking CRUD Delete Booking",
              "timedOut": null,
              "duration": 1262,
              "state": "failed",
              "speed": null,
              "pass": false,
              "fail": true,
              "pending": false,
              "context": null,
              "code": "cy.request({\n  method: \"DELETE\",\n  url: `/booking/${bookingId}`,\n  headers: {\n    Cookie: `token=${token}`\n  }\n}).then(response => {\n  expect(response.status).to.eq(201);\n});",
              "err": {
                "message": "CypressError: `cy.request()` failed on:\n\nhttps://restful-booker.herokuapp.com/booking/undefined\n\nThe response we received from your web server was:\n\n  > 405: Method Not Allowed\n\nThis was considered a failure because the status code was not `2xx` or `3xx`.\n\nIf you do not want status codes to cause failures pass the option: `failOnStatusCode: false`\n\n-----------------------------------------------------------\n\nThe request we sent was:\n\nMethod: DELETE\nURL: https://restful-booker.herokuapp.com/booking/undefined\nHeaders: {\n  \"Connection\": \"keep-alive\",\n  \"Cookie\": \"token=e4e8fef272468f0\",\n  \"user-agent\": \"Mozilla/5.0 (Windows NT 10.0; Win64; x64) AppleWebKit/537.36 (KHTML, like Gecko) Cypress/15.17.0 Chrome/138.0.7204.251 Electron/37.6.0 Safari/537.36\",\n  \"accept\": \"*/*\",\n  \"accept-encoding\": \"gzip, deflate\",\n  \"content-length\": 0\n}\n\n-----------------------------------------------------------\n\nThe response we got was:\n\nStatus: 405 - Method Not Allowed\nHeaders: {\n  \"content-length\": \"18\",\n  \"content-type\": \"text/plain; charset=utf-8\",\n  \"date\": \"Thu, 25 Jun 2026 17:16:58 GMT\",\n  \"etag\": \"W/\\\"12-UGJMK66P4abaBlq0vKHJaCKuGCA\\\"\",\n  \"nel\": \"{\\\"report_to\\\":\\\"heroku-nel\\\",\\\"response_headers\\\":[\\\"Via\\\"],\\\"max_age\\\":3600,\\\"success_fraction\\\":0.01,\\\"failure_fraction\\\":0.1}\",\n  \"report-to\": \"{\\\"group\\\":\\\"heroku-nel\\\",\\\"endpoints\\\":[{\\\"url\\\":\\\"https://nel.heroku.com/reports?s=%2FbRhupOUGjVOYK4jntTd038h6mPuxGrkmA0BP0R5Uwk%3D\\\\u0026sid=c46efe9b-d3d2-4a0c-8c76-bfafa16c5add\\\\u0026ts=1782407818\\\"}],\\\"max_age\\\":3600}\",\n  \"reporting-endpoints\": \"heroku-nel=\\\"https://nel.heroku.com/reports?s=%2FbRhupOUGjVOYK4jntTd038h6mPuxGrkmA0BP0R5Uwk%3D&sid=c46efe9b-d3d2-4a0c-8c76-bfafa16c5add&ts=1782407818\\\"\",\n  \"server\": \"Heroku\",\n  \"via\": \"1.1 heroku-router\",\n  \"x-powered-by\": \"Express\"\n}\nBody: Method Not Allowed\n\n\nhttps://on.cypress.io/request",
                "estack": "CypressError: `cy.request()` failed on:\n\nhttps://restful-booker.herokuapp.com/booking/undefined\n\nThe response we received from your web server was:\n\n  > 405: Method Not Allowed\n\nThis was considered a failure because the status code was not `2xx` or `3xx`.\n\nIf you do not want status codes to cause failures pass the option: `failOnStatusCode: false`\n\n-----------------------------------------------------------\n\nThe request we sent was:\n\nMethod: DELETE\nURL: https://restful-booker.herokuapp.com/booking/undefined\nHeaders: {\n  \"Connection\": \"keep-alive\",\n  \"Cookie\": \"token=e4e8fef272468f0\",\n  \"user-agent\": \"Mozilla/5.0 (Windows NT 10.0; Win64; x64) AppleWebKit/537.36 (KHTML, like Gecko) Cypress/15.17.0 Chrome/138.0.7204.251 Electron/37.6.0 Safari/537.36\",\n  \"accept\": \"*/*\",\n  \"accept-encoding\": \"gzip, deflate\",\n  \"content-length\": 0\n}\n\n-----------------------------------------------------------\n\nThe response we got was:\n\nStatus: 405 - Method Not Allowed\nHeaders: {\n  \"content-length\": \"18\",\n  \"content-type\": \"text/plain; charset=utf-8\",\n  \"date\": \"Thu, 25 Jun 2026 17:16:58 GMT\",\n  \"etag\": \"W/\\\"12-UGJMK66P4abaBlq0vKHJaCKuGCA\\\"\",\n  \"nel\": \"{\\\"report_to\\\":\\\"heroku-nel\\\",\\\"response_headers\\\":[\\\"Via\\\"],\\\"max_age\\\":3600,\\\"success_fraction\\\":0.01,\\\"failure_fraction\\\":0.1}\",\n  \"report-to\": \"{\\\"group\\\":\\\"heroku-nel\\\",\\\"endpoints\\\":[{\\\"url\\\":\\\"https://nel.heroku.com/reports?s=%2FbRhupOUGjVOYK4jntTd038h6mPuxGrkmA0BP0R5Uwk%3D\\\\u0026sid=c46efe9b-d3d2-4a0c-8c76-bfafa16c5add\\\\u0026ts=1782407818\\\"}],\\\"max_age\\\":3600}\",\n  \"reporting-endpoints\": \"heroku-nel=\\\"https://nel.heroku.com/reports?s=%2FbRhupOUGjVOYK4jntTd038h6mPuxGrkmA0BP0R5Uwk%3D&sid=c46efe9b-d3d2-4a0c-8c76-bfafa16c5add&ts=1782407818\\\"\",\n  \"server\": \"Heroku\",\n  \"via\": \"1.1 heroku-router\",\n  \"x-powered-by\": \"Express\"\n}\nBody: Method Not Allowed\n\n\nhttps://on.cypress.io/request\n    at <unknown> (https://restful-booker.herokuapp.com/__cypress/runner/cypress_runner.js:136705:72)\n    at tryCatcher (https://restful-booker.herokuapp.com/__cypress/runner/cypress_runner.js:1777:23)\n    at Promise._settlePromiseFromHandler (https://restful-booker.herokuapp.com/__cypress/runner/cypress_runner.js:1489:31)\n    at Promise._settlePromise (https://restful-booker.herokuapp.com/__cypress/runner/cypress_runner.js:1546:18)\n    at Promise._settlePromise0 (https://restful-booker.herokuapp.com/__cypress/runner/cypress_runner.js:1591:10)\n    at Promise._settlePromises (https://restful-booker.herokuapp.com/__cypress/runner/cypress_runner.js:1671:18)\n    at _drainQueueStep (https://restful-booker.herokuapp.com/__cypress/runner/cypress_runner.js:2377:12)\n    at _drainQueue (https://restful-booker.herokuapp.com/__cypress/runner/cypress_runner.js:2370:9)\n    at Async._drainQueues (https://restful-booker.herokuapp.com/__cypress/runner/cypress_runner.js:2386:5)\n    at Async.drainQueues (https://restful-booker.herokuapp.com/__cypress/runner/cypress_runner.js:2256:14)\nFrom Your Spec Code:\n    at Context.eval (webpack://restful-booker-api/./cypress/e2e/booking/bookingCRUD.cy.js:44:7)",
                "diff": null
              },
              "uuid": "2158395a-e713-4f4a-b6b5-6e731932c295",
              "parentUUID": "5cfe27c6-c608-4549-b468-c2174a2f0363",
              "isHook": false,
              "skipped": false
            }
          ],
          "suites": [],
          "passes": [],
          "failures": [
            "8ecab885-0ea8-4450-b247-b14d6cb73164",
            "08302021-8322-4362-a922-c67e7e7881f3",
            "1087de3c-3e2f-47b2-b476-7f70584b04f7",
            "2158395a-e713-4f4a-b6b5-6e731932c295"
          ],
          "pending": [],
          "skipped": [],
          "duration": 6011,
          "root": false,
          "rootEmpty": false,
          "_timeout": 2000
        }
      ],
      "passes": [],
      "failures": [],
      "pending": [],
      "skipped": [],
      "duration": 0,
      "root": true,
      "rootEmpty": true,
      "_timeout": 2000
    }
  ],
  "meta": {
    "mocha": {
      "version": "7.2.0"
    },
    "mochawesome": {
      "options": {
        "quiet": false,
        "reportFilename": "mochawesome",
        "saveHtml": false,
        "saveJson": true,
        "consoleReporter": "spec",
        "useInlineDiffs": false,
        "code": true
      },
      "version": "7.1.4"
    },
    "marge": {
      "options": {
        "reportDir": "cypress/reports",
        "overwrite": false,
        "html": false,
        "json": true
      },
      "version": "6.3.2"
    }
  }
}