{
  "stats": {
    "suites": 1,
    "tests": 1,
    "passes": 1,
    "pending": 0,
    "failures": 0,
    "start": "2026-06-25T17:22:38.625Z",
    "end": "2026-06-25T17:22:40.801Z",
    "duration": 2176,
    "testsRegistered": 1,
    "passPercent": 100,
    "pendingPercent": 0,
    "other": 0,
    "hasOther": false,
    "skipped": 0,
    "hasSkipped": false
  },
  "results": [
    {
      "uuid": "259e7b0c-d106-4800-b458-638d3de9543c",
      "title": "",
      "fullFile": "cypress\\e2e\\booking\\booking.cy.js",
      "file": "cypress\\e2e\\booking\\booking.cy.js",
      "beforeHooks": [],
      "afterHooks": [],
      "tests": [],
      "suites": [
        {
          "uuid": "88cac261-70ea-4ee5-99ab-3a1b1b9ad967",
          "title": "Booking Api",
          "fullFile": "",
          "file": "",
          "beforeHooks": [],
          "afterHooks": [],
          "tests": [
            {
              "title": "Get all booking IDS",
              "fullTitle": "Booking Api Get all booking IDS",
              "timedOut": null,
              "duration": 2203,
              "state": "passed",
              "speed": "fast",
              "pass": true,
              "fail": false,
              "pending": false,
              "context": null,
              "code": "cy.request(\"GET\", \"/booking\").then(response => {\n  expect(response.status).to.eq(200);\n  expect(response.body.length).to.be.greaterThan(0);\n});",
              "err": {},
              "uuid": "b36a80c6-f785-4a6f-b8d9-9eb2d4f50ff1",
              "parentUUID": "88cac261-70ea-4ee5-99ab-3a1b1b9ad967",
              "isHook": false,
              "skipped": false
            }
          ],
          "suites": [],
          "passes": [
            "b36a80c6-f785-4a6f-b8d9-9eb2d4f50ff1"
          ],
          "failures": [],
          "pending": [],
          "skipped": [],
          "duration": 2203,
          "root": false,
          "rootEmpty": false,
          "_timeout": 2000
        }
      ],
      "passes": [],
      "failures": [],
      "pending": [],
      "skipped": [],
      "duration": 0,
      "root": true,
      "rootEmpty": true,
      "_timeout": 2000
    }
  ],
  "meta": {
    "mocha": {
      "version": "7.2.0"
    },
    "mochawesome": {
      "options": {
        "quiet": false,
        "reportFilename": "mochawesome",
        "saveHtml": false,
        "saveJson": true,
        "consoleReporter": "spec",
        "useInlineDiffs": false,
        "code": true
      },
      "version": "7.1.4"
    },
    "marge": {
      "options": {
        "reportDir": "cypress/reports",
        "overwrite": false,
        "html": false,
        "json": true
      },
      "version": "6.3.2"
    }
  }
}