{
  "stats": {
    "suites": 1,
    "tests": 3,
    "passes": 3,
    "pending": 0,
    "failures": 0,
    "start": "2026-06-25T17:25:48.297Z",
    "end": "2026-06-25T17:25:51.549Z",
    "duration": 3252,
    "testsRegistered": 3,
    "passPercent": 100,
    "pendingPercent": 0,
    "other": 0,
    "hasOther": false,
    "skipped": 0,
    "hasSkipped": false
  },
  "results": [
    {
      "uuid": "7d7315ba-127e-4721-860e-7628a0033790",
      "title": "",
      "fullFile": "cypress\\e2e\\booking\\bookingCRUD.cy.js",
      "file": "cypress\\e2e\\booking\\bookingCRUD.cy.js",
      "beforeHooks": [],
      "afterHooks": [],
      "tests": [],
      "suites": [
        {
          "uuid": "81376d0e-600b-4124-a9d2-f833ee18fd70",
          "title": "Booking CRUD",
          "fullFile": "",
          "file": "",
          "beforeHooks": [],
          "afterHooks": [],
          "tests": [
            {
              "title": "Get Booking",
              "fullTitle": "Booking CRUD Get Booking",
              "timedOut": null,
              "duration": 1683,
              "state": "passed",
              "speed": "fast",
              "pass": true,
              "fail": false,
              "pending": false,
              "context": null,
              "code": "cy.request({\n  method: \"GET\",\n  url: `/booking/${bookingId}`\n}).then(response => {\n  expect(response.status).to.eq(200);\n  expect(response.body.firstname).to.exist;\n});",
              "err": {},
              "uuid": "907cf5ee-6ba3-4643-8d39-05eb7a69d98a",
              "parentUUID": "81376d0e-600b-4124-a9d2-f833ee18fd70",
              "isHook": false,
              "skipped": false
            },
            {
              "title": "Update Booking",
              "fullTitle": "Booking CRUD Update Booking",
              "timedOut": null,
              "duration": 566,
              "state": "passed",
              "speed": "fast",
              "pass": true,
              "fail": false,
              "pending": false,
              "context": null,
              "code": "cy.fixture(\"bookingData\").then(bookingData => {\n  bookingData.firstname = \"Updated\";\n  cy.request({\n    method: \"PUT\",\n    url: `/booking/${bookingId}`,\n    headers: {\n      Cookie: `token=${token}`\n    },\n    body: bookingData\n  }).then(response => {\n    expect(response.status).to.eq(200);\n    expect(response.body.firstname).to.eq(\"Updated\");\n  });\n});",
              "err": {},
              "uuid": "ba26726e-427c-43cd-8fba-0dc131c173be",
              "parentUUID": "81376d0e-600b-4124-a9d2-f833ee18fd70",
              "isHook": false,
              "skipped": false
            },
            {
              "title": "Delete Booking",
              "fullTitle": "Booking CRUD Delete Booking",
              "timedOut": null,
              "duration": 622,
              "state": "passed",
              "speed": "fast",
              "pass": true,
              "fail": false,
              "pending": false,
              "context": null,
              "code": "cy.request({\n  method: \"DELETE\",\n  url: `/booking/${bookingId}`,\n  headers: {\n    Cookie: `token=${token}`\n  }\n}).then(response => {\n  expect(response.status).to.eq(201);\n});",
              "err": {},
              "uuid": "0514e14c-b4c5-4585-bef9-7abb1447b373",
              "parentUUID": "81376d0e-600b-4124-a9d2-f833ee18fd70",
              "isHook": false,
              "skipped": false
            }
          ],
          "suites": [],
          "passes": [
            "907cf5ee-6ba3-4643-8d39-05eb7a69d98a",
            "ba26726e-427c-43cd-8fba-0dc131c173be",
            "0514e14c-b4c5-4585-bef9-7abb1447b373"
          ],
          "failures": [],
          "pending": [],
          "skipped": [],
          "duration": 2871,
          "root": false,
          "rootEmpty": false,
          "_timeout": 2000
        }
      ],
      "passes": [],
      "failures": [],
      "pending": [],
      "skipped": [],
      "duration": 0,
      "root": true,
      "rootEmpty": true,
      "_timeout": 2000
    }
  ],
  "meta": {
    "mocha": {
      "version": "7.2.0"
    },
    "mochawesome": {
      "options": {
        "quiet": false,
        "reportFilename": "mochawesome",
        "saveHtml": false,
        "saveJson": true,
        "consoleReporter": "spec",
        "useInlineDiffs": false,
        "code": true
      },
      "version": "7.1.4"
    },
    "marge": {
      "options": {
        "reportDir": "cypress/reports",
        "overwrite": false,
        "html": false,
        "json": true
      },
      "version": "6.3.2"
    }
  }
}