{
  "stats": {
    "suites": 1,
    "tests": 1,
    "passes": 1,
    "pending": 0,
    "failures": 0,
    "start": "2026-06-25T17:16:36.529Z",
    "end": "2026-06-25T17:16:38.691Z",
    "duration": 2162,
    "testsRegistered": 1,
    "passPercent": 100,
    "pendingPercent": 0,
    "other": 0,
    "hasOther": false,
    "skipped": 0,
    "hasSkipped": false
  },
  "results": [
    {
      "uuid": "59601a76-2160-4ee1-a96c-dfaf1354c200",
      "title": "",
      "fullFile": "cypress\\e2e\\booking\\booking.cy.js",
      "file": "cypress\\e2e\\booking\\booking.cy.js",
      "beforeHooks": [],
      "afterHooks": [],
      "tests": [],
      "suites": [
        {
          "uuid": "c9f513a1-f301-498d-b9ea-c6e640138335",
          "title": "Booking Api",
          "fullFile": "",
          "file": "",
          "beforeHooks": [],
          "afterHooks": [],
          "tests": [
            {
              "title": "Get all booking IDS",
              "fullTitle": "Booking Api Get all booking IDS",
              "timedOut": null,
              "duration": 1745,
              "state": "passed",
              "speed": "fast",
              "pass": true,
              "fail": false,
              "pending": false,
              "context": null,
              "code": "cy.request(\"GET\", \"/booking\").then(response => {\n  expect(response.status).to.eq(200);\n  expect(response.body.length).to.be.greaterThan(0);\n});",
              "err": {},
              "uuid": "7e80484d-bafe-421b-a100-8c197083be59",
              "parentUUID": "c9f513a1-f301-498d-b9ea-c6e640138335",
              "isHook": false,
              "skipped": false
            }
          ],
          "suites": [],
          "passes": [
            "7e80484d-bafe-421b-a100-8c197083be59"
          ],
          "failures": [],
          "pending": [],
          "skipped": [],
          "duration": 1745,
          "root": false,
          "rootEmpty": false,
          "_timeout": 2000
        }
      ],
      "passes": [],
      "failures": [],
      "pending": [],
      "skipped": [],
      "duration": 0,
      "root": true,
      "rootEmpty": true,
      "_timeout": 2000
    }
  ],
  "meta": {
    "mocha": {
      "version": "7.2.0"
    },
    "mochawesome": {
      "options": {
        "quiet": false,
        "reportFilename": "mochawesome",
        "saveHtml": false,
        "saveJson": true,
        "consoleReporter": "spec",
        "useInlineDiffs": false,
        "code": true
      },
      "version": "7.1.4"
    },
    "marge": {
      "options": {
        "reportDir": "cypress/reports",
        "overwrite": false,
        "html": false,
        "json": true
      },
      "version": "6.3.2"
    }
  }
}