{
  "stats": {
    "suites": 1,
    "tests": 1,
    "passes": 1,
    "pending": 0,
    "failures": 0,
    "start": "2026-06-25T17:25:24.379Z",
    "end": "2026-06-25T17:25:26.802Z",
    "duration": 2423,
    "testsRegistered": 1,
    "passPercent": 100,
    "pendingPercent": 0,
    "other": 0,
    "hasOther": false,
    "skipped": 0,
    "hasSkipped": false
  },
  "results": [
    {
      "uuid": "1cd253b2-748e-41fb-ba83-8f1f90b27e63",
      "title": "",
      "fullFile": "cypress\\e2e\\booking\\auth.cy.js",
      "file": "cypress\\e2e\\booking\\auth.cy.js",
      "beforeHooks": [],
      "afterHooks": [],
      "tests": [],
      "suites": [
        {
          "uuid": "1e2be973-ee2b-4575-bf5a-5f40e2c80ee1",
          "title": "Auth",
          "fullFile": "",
          "file": "",
          "beforeHooks": [],
          "afterHooks": [],
          "tests": [
            {
              "title": "Generate Token",
              "fullTitle": "Auth Generate Token",
              "timedOut": null,
              "duration": 2301,
              "state": "passed",
              "speed": "fast",
              "pass": true,
              "fail": false,
              "pending": false,
              "context": null,
              "code": "cy.generateToken().then(response => {\n  expect(response.status).to.eq(200);\n  expect(response.body.token).to.exist;\n});",
              "err": {},
              "uuid": "afd24bd7-a923-4f24-b5a9-645f42eb3acd",
              "parentUUID": "1e2be973-ee2b-4575-bf5a-5f40e2c80ee1",
              "isHook": false,
              "skipped": false
            }
          ],
          "suites": [],
          "passes": [
            "afd24bd7-a923-4f24-b5a9-645f42eb3acd"
          ],
          "failures": [],
          "pending": [],
          "skipped": [],
          "duration": 2301,
          "root": false,
          "rootEmpty": false,
          "_timeout": 2000
        }
      ],
      "passes": [],
      "failures": [],
      "pending": [],
      "skipped": [],
      "duration": 0,
      "root": true,
      "rootEmpty": true,
      "_timeout": 2000
    }
  ],
  "meta": {
    "mocha": {
      "version": "7.2.0"
    },
    "mochawesome": {
      "options": {
        "quiet": false,
        "reportFilename": "mochawesome",
        "saveHtml": false,
        "saveJson": true,
        "consoleReporter": "spec",
        "useInlineDiffs": false,
        "code": true
      },
      "version": "7.1.4"
    },
    "marge": {
      "options": {
        "reportDir": "cypress/reports",
        "overwrite": false,
        "html": false,
        "json": true
      },
      "version": "6.3.2"
    }
  }
}