{
  "stats": {
    "suites": 1,
    "tests": 1,
    "passes": 1,
    "pending": 0,
    "failures": 0,
    "start": "2026-06-25T17:09:20.467Z",
    "end": "2026-06-25T17:09:24.031Z",
    "duration": 3564,
    "testsRegistered": 1,
    "passPercent": 100,
    "pendingPercent": 0,
    "other": 0,
    "hasOther": false,
    "skipped": 0,
    "hasSkipped": false
  },
  "results": [
    {
      "uuid": "f0f97367-1b78-4703-8586-eb384f5244b1",
      "title": "",
      "fullFile": "cypress\\e2e\\booking\\booking.cy.js",
      "file": "cypress\\e2e\\booking\\booking.cy.js",
      "beforeHooks": [],
      "afterHooks": [],
      "tests": [],
      "suites": [
        {
          "uuid": "5bab1295-8294-41c4-b062-f7bf9e7b73a7",
          "title": "Booking Api",
          "fullFile": "",
          "file": "",
          "beforeHooks": [],
          "afterHooks": [],
          "tests": [
            {
              "title": "Get all booking IDS",
              "fullTitle": "Booking Api Get all booking IDS",
              "timedOut": null,
              "duration": 3516,
              "state": "passed",
              "speed": "fast",
              "pass": true,
              "fail": false,
              "pending": false,
              "context": null,
              "code": "cy.request(\"GET\", \"/booking\").then(response => {\n  expect(response.status).to.eq(200);\n  expect(response.body.length).to.be.greaterThan(0);\n});",
              "err": {},
              "uuid": "5d15e399-5d4f-4669-b5d1-3bf21447b330",
              "parentUUID": "5bab1295-8294-41c4-b062-f7bf9e7b73a7",
              "isHook": false,
              "skipped": false
            }
          ],
          "suites": [],
          "passes": [
            "5d15e399-5d4f-4669-b5d1-3bf21447b330"
          ],
          "failures": [],
          "pending": [],
          "skipped": [],
          "duration": 3516,
          "root": false,
          "rootEmpty": false,
          "_timeout": 2000
        }
      ],
      "passes": [],
      "failures": [],
      "pending": [],
      "skipped": [],
      "duration": 0,
      "root": true,
      "rootEmpty": true,
      "_timeout": 2000
    }
  ],
  "meta": {
    "mocha": {
      "version": "7.2.0"
    },
    "mochawesome": {
      "options": {
        "quiet": false,
        "reportFilename": "mochawesome",
        "saveHtml": false,
        "saveJson": true,
        "consoleReporter": "spec",
        "useInlineDiffs": false,
        "code": true
      },
      "version": "7.1.4"
    },
    "marge": {
      "options": {
        "reportDir": "cypress/reports",
        "overwrite": false,
        "html": false,
        "json": true
      },
      "version": "6.3.2"
    }
  }
}