{
  "stats": {
    "suites": 1,
    "tests": 1,
    "passes": 1,
    "pending": 0,
    "failures": 0,
    "start": "2026-06-25T17:16:23.677Z",
    "end": "2026-06-25T17:16:26.090Z",
    "duration": 2413,
    "testsRegistered": 1,
    "passPercent": 100,
    "pendingPercent": 0,
    "other": 0,
    "hasOther": false,
    "skipped": 0,
    "hasSkipped": false
  },
  "results": [
    {
      "uuid": "062c4185-383d-45e6-b281-4339e2640807",
      "title": "",
      "fullFile": "cypress\\e2e\\booking\\auth.cy.js",
      "file": "cypress\\e2e\\booking\\auth.cy.js",
      "beforeHooks": [],
      "afterHooks": [],
      "tests": [],
      "suites": [
        {
          "uuid": "4fa84b6c-cd2e-474e-8b9b-3e4ad2e6ae57",
          "title": "Auth",
          "fullFile": "",
          "file": "",
          "beforeHooks": [],
          "afterHooks": [],
          "tests": [
            {
              "title": "Generate Token",
              "fullTitle": "Auth Generate Token",
              "timedOut": null,
              "duration": 2150,
              "state": "passed",
              "speed": "fast",
              "pass": true,
              "fail": false,
              "pending": false,
              "context": null,
              "code": "cy.generateToken().then(response => {\n  expect(response.status).to.eq(200);\n  expect(response.body.token).to.exist;\n});",
              "err": {},
              "uuid": "4d3806b1-6c1e-4f4b-a801-a109f5c29f93",
              "parentUUID": "4fa84b6c-cd2e-474e-8b9b-3e4ad2e6ae57",
              "isHook": false,
              "skipped": false
            }
          ],
          "suites": [],
          "passes": [
            "4d3806b1-6c1e-4f4b-a801-a109f5c29f93"
          ],
          "failures": [],
          "pending": [],
          "skipped": [],
          "duration": 2150,
          "root": false,
          "rootEmpty": false,
          "_timeout": 2000
        }
      ],
      "passes": [],
      "failures": [],
      "pending": [],
      "skipped": [],
      "duration": 0,
      "root": true,
      "rootEmpty": true,
      "_timeout": 2000
    }
  ],
  "meta": {
    "mocha": {
      "version": "7.2.0"
    },
    "mochawesome": {
      "options": {
        "quiet": false,
        "reportFilename": "mochawesome",
        "saveHtml": false,
        "saveJson": true,
        "consoleReporter": "spec",
        "useInlineDiffs": false,
        "code": true
      },
      "version": "7.1.4"
    },
    "marge": {
      "options": {
        "reportDir": "cypress/reports",
        "overwrite": false,
        "html": false,
        "json": true
      },
      "version": "6.3.2"
    }
  }
}